00:00:00.000183 main     VirtualBox XPCOM Server 7.0.10 r158379 linux.amd64 (Aug 11 2023 12:19:51) release log
00:00:00.000185 main     Log opened 2023-09-28T19:49:03.362118000Z
00:00:00.000185 main     Build Type: release
00:00:00.000187 main     OS Product: Linux
00:00:00.000187 main     OS Release: 6.1.55-1-lts
00:00:00.000188 main     OS Version: #1 SMP PREEMPT_DYNAMIC Sat, 23 Sep 2023 16:57:15 +0000
00:00:00.000204 main     DMI Product Name: System Product Name
00:00:00.000210 main     DMI Product Version: System Version
00:00:00.000213 main     Firmware type: UEFI
00:00:00.000662 main     Secure Boot: Disabled
00:00:00.000684 main     Host RAM: 48101MB (46.9GB) total, 46884MB (45.7GB) available
00:00:00.000686 main     Executable: /usr/lib/virtualbox/VBoxSVC
00:00:00.000687 main     Process ID: 7889
00:00:00.000687 main     Package type: LINUX_64BITS_GENERIC (OSE)
00:00:00.001699 main     IPC socket path: /tmp/.vbox-bonsthie-ipc/ipcd
00:00:00.105634 nspr-2   VirtualBox: object creation starts
00:00:00.105702 nspr-2   Home directory: '/home/bonsthie/.config/VirtualBox'
00:00:00.105754 nspr-2   XML error at '/home/bonsthie/.config/VirtualBox/VirtualBox.xml' line 1: Document is empty
00:00:00.105925 nspr-2   ERROR [COM]: aRC=NS_ERROR_FAILURE (0x80004005) aIID={7682d5eb-f00e-44f1-8ca2-99d08b1cd607} aComponent={VirtualBoxWrap} aText={Document is empty.
00:00:00.105934 nspr-2   Location: '/home/bonsthie/.config/VirtualBox/VirtualBox.xml', line 1 (0), column 1.
00:00:00.105934 nspr-2   /build/virtualbox/src/VirtualBox-7.0.10/src/VBox/Main/src-server/VirtualBoxImpl.cpp[830] (nsresult VirtualBox::init())}, preserve=false aResultDetail=0
00:00:00.105988 nspr-2   VirtualBox: object created
00:00:05.108564 main     VirtualBox: object deletion starts
00:00:05.108588 main     VirtualBox: object deleted
